SF:lib/src/features/app_setting/app_setting_local.dart
DA:4,6
DA:5,3
DA:16,0
DA:17,0
DA:19,0
DA:20,0
DA:22,0
DA:23,0
DA:25,0
DA:26,0
LF:10
LH:2
end_of_record
SF:lib/src/features/audio/repositories/audio_local.dart
DA:4,9
DA:12,0
DA:13,0
DA:15,0
DA:16,0
LF:5
LH:1
end_of_record
SF:lib/src/features/playboard/repositories/playboard_local.dart
DA:5,9
DA:6,0
DA:18,0
DA:19,0
DA:24,0
DA:25,0
DA:27,0
DA:28,0
DA:30,0
DA:31,0
LF:10
LH:1
end_of_record
SF:lib/app.dart
DA:20,0
DA:22,3
DA:25,1
DA:26,1
DA:28,1
DA:29,1
DA:35,1
DA:37,0
DA:38,0
DA:46,1
DA:48,0
DA:49,0
DA:50,0
DA:51,0
DA:52,0
DA:53,0
DA:54,0
DA:61,1
DA:63,0
DA:64,0
DA:70,1
DA:72,0
DA:73,0
DA:74,0
DA:75,0
DA:77,0
DA:78,0
DA:81,0
DA:82,0
DA:83,0
DA:84,0
DA:85,0
DA:87,0
DA:92,1
DA:94,1
DA:95,1
DA:96,1
DA:97,1
DA:98,1
DA:99,1
DA:100,2
DA:110,0
DA:111,0
DA:115,0
DA:117,0
DA:118,0
DA:119,0
DA:120,0
DA:122,0
DA:123,0
DA:124,0
DA:127,0
DA:128,0
DA:129,0
LF:54
LH:17
end_of_record
SF:lib/src/features/app_setting/app_setting_controller.dart
DA:5,6
DA:6,3
DA:7,9
DA:10,3
DA:11,15
DA:12,15
DA:18,6
DA:19,1
DA:20,1
DA:21,4
DA:22,1
DA:26,6
DA:27,0
DA:28,0
DA:29,0
DA:30,0
LF:16
LH:12
end_of_record
SF:lib/src/features/playboard/controllers/playboard_info_controller.dart
DA:6,6
DA:7,3
DA:8,9
DA:12,3
DA:13,15
DA:14,15
DA:20,6
DA:21,1
DA:22,4
DA:23,1
DA:24,1
DA:28,2
DA:29,0
DA:30,0
DA:31,0
DA:32,0
LF:16
LH:12
end_of_record
SF:lib/src/features/multiple_mode/controllers/multiple_mode_controller.dart
DA:13,2
DA:14,1
DA:15,3
DA:19,1
DA:20,1
DA:21,1
DA:32,1
DA:33,2
DA:35,0
DA:36,0
DA:37,0
DA:38,0
DA:42,1
DA:44,1
DA:45,2
DA:46,1
DA:47,1
DA:50,1
DA:51,1
DA:56,1
DA:57,2
DA:58,1
DA:59,1
DA:62,1
DA:63,1
DA:66,1
DA:67,1
DA:72,1
DA:73,2
DA:74,1
DA:75,1
DA:78,1
DA:79,1
DA:82,1
DA:83,1
DA:86,1
DA:87,1
DA:95,2
DA:101,1
DA:102,4
DA:103,5
DA:104,3
DA:107,1
DA:108,3
DA:109,2
DA:110,3
DA:112,1
DA:113,1
DA:114,1
DA:115,3
DA:118,3
DA:120,1
DA:121,1
DA:122,1
DA:129,3
DA:133,1
DA:134,1
DA:135,1
DA:138,1
DA:139,4
DA:140,5
DA:141,1
DA:143,3
DA:145,4
DA:148,3
DA:151,1
DA:152,1
DA:153,1
DA:157,1
DA:158,0
DA:160,0
DA:161,0
DA:162,0
DA:163,0
DA:164,0
DA:165,0
DA:169,0
DA:171,0
DA:173,0
DA:174,0
DA:175,0
DA:176,0
DA:177,0
DA:178,0
DA:186,1
DA:187,4
DA:188,1
DA:190,2
DA:192,0
DA:193,0
DA:195,0
DA:201,1
DA:206,4
DA:207,5
DA:208,3
DA:210,1
DA:211,2
DA:212,0
DA:218,1
DA:219,2
DA:221,0
DA:222,0
DA:225,0
DA:229,1
DA:230,3
DA:233,3
DA:237,0
DA:238,0
DA:241,0
DA:242,0
DA:243,0
DA:245,0
DA:246,0
DA:247,0
DA:248,0
DA:251,0
DA:253,0
DA:254,0
DA:255,0
DA:263,2
DA:265,1
DA:266,2
DA:267,2
DA:269,0
DA:270,0
DA:271,0
DA:272,0
DA:274,0
DA:275,0
DA:276,0
DA:277,0
DA:284,2
DA:285,1
DA:286,3
DA:292,1
DA:297,2
DA:298,1
DA:299,1
DA:301,1
DA:305,0
DA:307,0
DA:314,1
DA:315,2
DA:316,1
DA:319,1
DA:321,2
DA:322,2
DA:323,1
DA:324,1
DA:325,1
DA:326,1
DA:331,0
DA:332,0
DA:333,0
DA:334,0
DA:335,0
DA:337,0
DA:341,0
DA:342,0
DA:343,0
DA:344,0
DA:345,0
DA:347,0
LF:163
LH:102
end_of_record
SF:lib/src/features/playboard/helpers/playboard_keyboard_control_helper.dart
DA:6,0
DA:12,2
DA:17,4
DA:18,1
DA:20,4
DA:21,1
DA:23,4
DA:24,1
DA:26,4
DA:27,1
LF:10
LH:9
end_of_record
SF:lib/src/features/online_mode/controllers/online_playboard_controller.dart
DA:15,0
DA:17,0
DA:18,0
DA:21,0
DA:25,0
DA:26,0
DA:27,0
DA:28,0
DA:35,0
DA:36,0
DA:37,0
DA:38,0
DA:39,0
DA:40,0
DA:57,0
DA:58,0
DA:59,0
DA:60,0
DA:61,0
DA:62,0
DA:65,0
DA:66,0
DA:67,0
DA:70,0
DA:72,0
DA:73,0
DA:74,0
DA:77,0
DA:79,0
DA:80,0
DA:81,0
DA:82,0
DA:83,0
DA:84,0
DA:85,0
DA:86,0
DA:87,0
DA:88,0
DA:94,0
DA:95,0
DA:97,0
DA:98,0
DA:99,0
DA:100,0
DA:101,0
DA:102,0
DA:103,0
DA:104,0
DA:105,0
DA:106,0
DA:113,0
DA:115,0
DA:116,0
DA:117,0
DA:118,0
DA:121,0
DA:123,0
DA:124,0
DA:125,0
DA:126,0
DA:127,0
DA:128,0
DA:131,0
DA:132,0
DA:133,0
DA:135,0
DA:138,0
DA:139,0
DA:140,0
DA:143,0
DA:144,0
DA:145,0
DA:147,0
DA:151,0
DA:152,0
DA:154,0
DA:155,0
DA:156,0
DA:159,0
DA:160,0
DA:161,0
DA:166,0
DA:167,0
DA:169,0
DA:170,0
DA:173,0
DA:174,0
DA:175,0
DA:176,0
DA:178,0
DA:179,0
DA:180,0
DA:187,0
DA:188,0
DA:192,0
DA:193,0
DA:194,0
DA:195,0
DA:198,0
DA:199,0
DA:200,0
DA:203,0
DA:204,0
DA:205,0
DA:207,0
DA:209,0
DA:211,0
DA:212,0
DA:213,0
DA:219,0
DA:221,0
DA:224,0
DA:225,0
DA:226,0
DA:227,0
DA:228,0
DA:232,0
DA:234,0
DA:235,0
DA:236,0
DA:242,0
DA:247,0
DA:249,0
DA:250,0
DA:252,0
DA:253,0
DA:254,0
DA:256,0
DA:257,0
DA:258,0
DA:265,0
DA:266,0
DA:267,0
DA:273,0
DA:274,0
DA:275,0
DA:277,0
DA:281,0
DA:282,0
DA:283,0
DA:285,0
DA:289,0
DA:290,0
DA:296,0
DA:297,0
DA:298,0
DA:299,0
DA:300,0
DA:303,0
DA:305,0
DA:306,0
DA:307,0
DA:309,0
DA:313,0
DA:314,0
DA:315,0
DA:316,0
DA:320,0
DA:322,0
DA:323,0
DA:325,0
LF:161
LH:0
end_of_record
SF:lib/src/features/playboard/helpers/playboard_gesture_control_helper.dart
DA:7,1
DA:12,1
LF:2
LH:2
end_of_record
SF:lib/src/features/online_mode/screens/online_playboard_page.dart
DA:13,0
DA:16,0
DA:20,0
DA:22,0
DA:23,0
DA:24,0
DA:26,0
DA:27,0
DA:28,0
DA:31,0
DA:32,0
DA:33,0
DA:34,0
DA:35,0
DA:40,0
DA:44,0
DA:45,0
DA:46,0
DA:49,0
DA:50,0
DA:51,0
DA:54,0
DA:56,0
DA:57,0
DA:58,0
DA:59,0
DA:61,0
DA:65,0
DA:66,0
DA:69,0
DA:70,0
DA:71,0
DA:74,0
DA:75,0
DA:78,0
DA:79,0
DA:80,0
DA:81,0
LF:38
LH:0
end_of_record
SF:lib/src/features/single_mode/controllers/single_mode_controller.dart
DA:16,2
DA:17,1
DA:18,1
DA:20,5
DA:21,1
DA:22,4
DA:24,1
DA:25,1
DA:32,2
DA:33,2
DA:35,2
DA:36,2
DA:44,1
DA:48,1
DA:49,1
DA:50,1
DA:51,1
DA:52,1
DA:55,2
DA:56,2
DA:58,2
DA:59,1
DA:61,1
DA:63,3
DA:64,2
DA:65,2
DA:66,4
DA:67,2
DA:78,0
DA:82,1
DA:84,1
DA:85,2
DA:88,1
DA:89,4
DA:90,1
DA:92,2
DA:94,1
DA:95,2
DA:98,1
DA:100,3
DA:101,2
DA:102,2
DA:103,2
DA:104,4
DA:108,1
DA:109,1
DA:110,1
DA:111,1
DA:112,1
DA:113,5
DA:116,0
DA:117,0
DA:118,0
DA:119,0
DA:122,1
DA:123,3
DA:125,1
DA:126,1
DA:127,1
DA:128,1
DA:129,1
DA:130,1
DA:131,4
DA:132,2
DA:134,2
DA:135,1
DA:137,2
DA:138,2
DA:139,2
DA:140,5
DA:141,2
DA:144,5
DA:147,1
DA:148,1
DA:149,2
DA:150,2
DA:152,8
DA:155,1
DA:156,2
DA:157,1
DA:158,7
DA:159,2
DA:160,1
DA:162,6
DA:165,3
DA:168,1
DA:169,3
DA:170,3
DA:171,1
DA:176,1
DA:178,3
DA:179,3
DA:180,3
DA:182,4
DA:183,1
DA:191,1
DA:192,1
DA:194,1
DA:196,3
DA:197,3
DA:198,1
DA:199,1
DA:201,2
DA:205,4
DA:206,1
DA:211,1
DA:212,3
DA:213,3
DA:214,1
DA:215,4
DA:216,3
DA:217,1
DA:218,3
DA:220,3
DA:222,1
DA:224,3
DA:226,0
DA:229,1
DA:230,2
DA:231,1
DA:232,0
LF:121
LH:114
end_of_record
SF:lib/src/features/playboard/helpers/auto_solve_helper.dart
DA:6,1
DA:11,1
DA:12,1
DA:13,1
DA:15,1
LF:5
LH:5
end_of_record
SF:lib/src/utils/app_infos/app_infos.dart
DA:9,3
DA:12,2
DA:13,0
DA:14,0
DA:15,0
DA:16,0
DA:17,0
DA:22,0
DA:24,4
DA:29,0
DA:34,1
DA:35,1
DA:36,1
LF:13
LH:6
end_of_record
SF:lib/src/widgets/buttons/models/slideparty_button_params.dart
DA:10,3
DA:22,1
DA:24,1
DA:25,0
DA:26,0
DA:27,0
DA:28,1
DA:29,0
DA:30,0
DA:31,0
DA:33,1
DA:34,0
DA:35,0
DA:36,0
DA:38,1
DA:39,3
DA:40,1
DA:41,0
DA:43,0
DA:49,3
DA:51,3
DA:53,3
DA:55,3
DA:57,2
DA:64,0
DA:65,0
DA:67,0
DA:69,0
DA:72,0
DA:73,2
DA:75,1
DA:78,1
DA:81,3
LF:33
LH:17
end_of_record
SF:lib/src/widgets/buttons/models/slideparty_button_params.g.dart
DA:13,0
DA:15,0
DA:16,0
DA:18,0
DA:20,0
DA:22,0
DA:29,0
DA:32,0
DA:33,0
DA:35,0
DA:36,0
DA:38,0
DA:39,0
DA:41,0
DA:42,0
DA:47,0
DA:48,0
DA:50,0
DA:53,0
DA:54,0
DA:55,0
LF:21
LH:0
end_of_record
SF:lib/src/cores/db/db_core.dart
DA:6,0
DA:7,0
LF:2
LH:0
end_of_record
SF:lib/src/cores/db/adapter_initializer.dart
DA:5,0
DA:6,0
LF:2
LH:0
end_of_record
SF:lib/src/features/audio/background_audio_controller.dart
DA:5,2
DA:6,1
DA:7,3
DA:10,2
DA:15,1
DA:16,4
DA:19,0
DA:20,0
LF:8
LH:6
end_of_record
SF:lib/src/features/audio/general_audio_controller.dart
DA:5,6
DA:6,6
DA:7,6
DA:13,3
DA:14,15
DA:18,6
DA:20,1
DA:21,4
DA:22,1
DA:23,1
LF:10
LH:10
end_of_record
SF:lib/src/features/audio/button_audio_controller.dart
DA:5,6
DA:6,12
DA:9,3
DA:14,3
DA:15,12
DA:17,0
DA:18,0
LF:7
LH:5
end_of_record
SF:lib/src/features/home/screens/home_page.dart
DA:10,4
DA:12,2
DA:14,2
DA:15,2
DA:16,2
DA:18,2
DA:19,2
DA:21,2
DA:22,2
DA:24,2
DA:25,2
DA:27,8
DA:28,6
DA:32,6
DA:36,2
DA:37,2
DA:38,2
DA:40,0
DA:44,2
DA:46,0
DA:50,2
DA:52,0
DA:59,2
DA:60,2
DA:62,6
DA:63,4
DA:64,6
DA:65,2
DA:66,0
DA:67,0
DA:68,2
DA:69,2
DA:71,8
DA:72,6
DA:73,2
DA:74,2
DA:76,2
DA:77,2
DA:78,2
DA:79,2
DA:80,6
LF:41
LH:36
end_of_record
SF:lib/src/features/home/widgets/theme_setting_bar.dart
DA:11,3
DA:13,1
DA:14,4
DA:15,1
DA:16,1
DA:18,2
DA:21,10
DA:22,6
DA:24,2
DA:25,8
DA:27,4
DA:29,6
DA:31,10
DA:32,2
DA:33,2
DA:35,2
DA:37,2
DA:38,2
DA:40,2
DA:42,2
DA:43,2
DA:44,2
DA:47,2
DA:50,2
DA:51,2
DA:52,2
DA:53,2
DA:54,2
DA:56,2
DA:58,2
DA:59,2
DA:60,2
DA:61,4
DA:62,4
DA:63,4
DA:65,0
DA:68,2
DA:69,1
DA:70,1
DA:72,3
DA:76,2
DA:77,2
DA:79,8
DA:82,6
DA:84,2
DA:85,2
DA:86,2
DA:87,6
DA:90,1
DA:91,1
DA:92,8
DA:101,2
DA:104,1
DA:105,2
DA:106,2
DA:107,1
DA:109,0
DA:110,0
DA:111,0
DA:112,0
DA:113,0
DA:114,0
DA:115,0
DA:120,4
DA:125,2
DA:128,2
DA:129,1
DA:130,1
DA:131,2
DA:133,2
DA:134,2
DA:140,2
DA:143,0
LF:73
LH:64
end_of_record
SF:lib/src/features/playboard/controllers/playboard_controller.dart
DA:8,4
DA:9,2
DA:10,0
LF:3
LH:2
end_of_record
SF:lib/src/features/playboard/models/playboard_config.dart
DA:18,1
DA:19,4
LF:2
LH:2
end_of_record
SF:lib/src/features/playboard/models/playboard_keyboard_control.dart
DA:9,2
DA:15,4
DA:16,2
DA:17,2
DA:18,2
DA:19,2
DA:20,2
DA:23,1
DA:31,2
DA:32,0
DA:33,2
DA:34,1
DA:35,2
DA:36,1
DA:37,0
DA:38,0
DA:44,3
DA:51,3
DA:58,3
DA:65,6
LF:20
LH:17
end_of_record
SF:lib/src/features/playboard/models/playboard_skill_keyboard_control.dart
DA:8,1
LF:1
LH:1
end_of_record
SF:lib/src/features/playboard/widgets/skill_keyboard.dart
DA:12,2
DA:14,2
DA:15,2
DA:19,1
DA:27,1
DA:36,1
DA:38,1
DA:39,1
DA:40,3
DA:42,1
DA:43,3
DA:45,1
DA:46,3
DA:48,1
DA:49,3
DA:52,2
DA:53,1
DA:54,1
DA:55,1
DA:56,3
DA:59,1
DA:60,1
DA:61,3
DA:62,1
DA:64,3
DA:66,1
DA:71,5
DA:73,4
DA:75,1
DA:81,2
DA:82,3
DA:84,1
DA:85,1
DA:86,1
DA:87,1
DA:88,1
DA:89,1
DA:93,1
DA:98,1
DA:99,1
DA:100,4
DA:101,0
DA:103,3
DA:105,1
DA:106,0
DA:107,0
DA:109,5
DA:110,3
DA:112,3
DA:115,3
DA:119,1
DA:122,1
DA:127,1
DA:128,1
DA:129,1
DA:130,3
DA:131,1
DA:136,1
DA:137,1
DA:141,2
DA:142,1
DA:144,1
DA:145,4
DA:148,1
DA:149,3
DA:150,2
DA:152,3
DA:153,1
DA:154,4
DA:163,0
DA:164,0
DA:165,0
DA:166,0
DA:167,0
DA:172,0
DA:173,0
DA:177,0
DA:178,0
DA:180,0
DA:181,0
DA:184,0
DA:185,0
DA:186,0
DA:188,0
DA:189,0
DA:190,0
DA:199,0
DA:202,1
DA:204,4
DA:205,1
DA:206,4
DA:208,1
DA:209,1
DA:210,2
DA:211,1
DA:214,1
DA:215,1
DA:216,1
DA:217,2
DA:218,1
DA:224,1
DA:225,2
DA:226,1
DA:228,1
DA:229,1
DA:230,1
DA:231,1
DA:233,2
DA:234,4
DA:239,1
DA:240,1
DA:241,1
DA:242,4
DA:243,4
DA:244,4
DA:248,1
DA:249,1
DA:251,1
DA:253,0
DA:255,0
DA:258,1
DA:259,1
DA:260,1
DA:264,1
DA:265,1
DA:267,3
DA:272,1
DA:273,3
DA:274,1
DA:275,2
DA:277,1
DA:280,3
DA:281,1
DA:282,1
DA:283,1
DA:284,1
DA:286,1
DA:287,1
DA:288,1
DA:290,1
DA:291,1
DA:292,1
DA:293,1
DA:294,1
DA:295,1
DA:296,1
DA:297,1
DA:299,1
DA:300,1
DA:301,1
DA:302,1
DA:303,1
DA:304,1
DA:305,1
DA:306,1
DA:307,1
DA:308,1
DA:316,0
DA:317,0
DA:318,0
DA:319,0
DA:320,0
DA:321,0
DA:323,0
DA:329,1
DA:331,1
DA:332,1
DA:333,2
DA:334,2
DA:335,1
DA:336,1
DA:338,1
LF:172
LH:142
end_of_record
SF:lib/src/features/playboard/models/playboard_state/multiple_playboard_state.dart
DA:8,1
DA:14,1
DA:15,3
DA:16,1
DA:17,1
DA:18,2
DA:19,2
DA:20,2
DA:21,3
DA:22,1
DA:25,1
DA:26,1
DA:27,4
DA:42,3
DA:46,1
DA:47,4
DA:49,0
DA:50,0
DA:51,0
DA:52,0
DA:53,0
DA:54,0
DA:58,0
DA:59,0
DA:60,0
DA:61,0
DA:64,0
DA:67,3
DA:68,1
DA:73,1
DA:74,1
DA:75,1
DA:76,1
DA:77,4
DA:78,1
DA:81,1
DA:83,3
DA:84,2
DA:89,3
DA:90,0
DA:91,0
DA:92,0
DA:93,0
DA:94,0
DA:95,0
DA:96,0
DA:100,0
DA:101,0
DA:102,0
DA:103,0
DA:104,0
DA:105,0
DA:107,0
DA:110,0
DA:111,0
LF:55
LH:28
end_of_record
SF:lib/src/features/multiple_mode/screens/multiple_mode_page.dart
DA:8,3
DA:10,1
DA:12,1
DA:13,3
DA:14,1
DA:19,1
LF:6
LH:6
end_of_record
SF:lib/src/features/multiple_mode/screens/multiple_playground.dart
DA:20,3
DA:22,1
DA:23,4
DA:25,1
DA:26,1
DA:27,5
DA:34,1
DA:37,1
DA:44,3
DA:45,3
DA:46,1
DA:52,0
DA:53,0
DA:58,2
DA:59,3
DA:60,1
DA:66,4
DA:67,3
DA:74,1
DA:81,5
DA:82,1
DA:84,1
DA:85,1
DA:86,2
DA:87,1
DA:88,1
DA:89,1
DA:93,1
DA:94,1
DA:95,1
DA:96,1
DA:102,1
DA:103,2
DA:104,3
DA:107,2
DA:108,1
DA:109,2
DA:122,0
DA:127,0
DA:128,0
DA:130,0
DA:139,1
DA:141,3
DA:143,2
DA:144,1
DA:145,1
DA:146,3
DA:148,1
DA:149,1
DA:150,2
DA:151,2
DA:153,0
DA:155,0
DA:159,1
DA:161,1
DA:163,1
DA:164,1
DA:165,1
DA:168,1
DA:169,1
DA:170,2
DA:173,1
DA:174,2
DA:176,3
DA:188,1
DA:192,1
DA:197,1
DA:198,4
DA:200,1
DA:201,6
DA:203,1
DA:204,5
DA:206,1
DA:208,1
DA:209,2
DA:210,3
DA:211,2
DA:213,3
DA:216,4
DA:217,6
DA:219,1
DA:220,3
DA:221,0
DA:222,1
DA:223,1
DA:224,1
DA:225,1
DA:226,1
DA:227,1
DA:228,1
DA:230,1
DA:232,1
DA:233,1
DA:234,1
DA:235,2
DA:236,1
DA:237,3
DA:240,1
DA:241,3
DA:242,2
DA:244,1
DA:245,1
DA:246,1
DA:247,1
DA:249,1
DA:250,1
DA:252,3
DA:253,3
DA:254,2
DA:256,2
DA:263,2
DA:264,2
DA:266,1
DA:267,3
DA:270,1
DA:271,3
DA:272,2
DA:274,1
DA:275,1
DA:277,2
DA:278,1
DA:279,2
DA:280,1
DA:281,1
DA:282,1
DA:288,1
DA:292,1
DA:294,1
DA:295,3
DA:296,1
DA:297,1
DA:298,1
DA:300,3
DA:311,1
DA:313,1
DA:314,1
DA:319,2
DA:320,3
DA:321,3
DA:331,2
DA:332,2
DA:333,1
DA:334,0
DA:335,0
DA:337,0
DA:338,0
DA:340,0
DA:341,0
DA:343,0
DA:344,0
DA:354,1
DA:357,1
DA:361,1
DA:363,1
DA:364,1
DA:365,2
DA:366,1
DA:368,5
DA:369,1
DA:370,3
DA:371,4
DA:372,1
DA:376,1
DA:377,2
DA:378,2
DA:379,1
DA:380,3
DA:383,1
DA:384,1
DA:385,2
DA:386,4
DA:387,2
DA:399,1
DA:404,1
DA:410,1
DA:412,1
DA:413,3
DA:415,1
DA:416,2
DA:417,1
DA:419,1
DA:423,1
DA:424,2
DA:425,1
DA:427,2
DA:431,1
DA:433,1
DA:434,1
DA:435,1
DA:436,1
DA:437,1
DA:439,1
DA:440,1
DA:441,1
DA:442,2
DA:443,1
DA:444,3
DA:445,1
DA:448,0
DA:449,0
DA:454,2
DA:455,1
DA:456,1
DA:457,1
DA:458,1
DA:459,4
DA:460,2
DA:463,1
DA:464,2
DA:465,1
DA:466,1
DA:467,2
DA:472,3
DA:473,4
DA:475,1
DA:476,1
DA:478,1
DA:482,1
DA:483,2
DA:484,1
DA:500,1
DA:504,1
DA:509,1
DA:511,1
DA:512,1
DA:513,1
DA:514,3
DA:515,1
DA:516,2
DA:517,2
DA:518,1
DA:519,1
DA:520,1
DA:521,2
DA:525,1
DA:528,1
DA:529,1
DA:542,1
DA:549,1
DA:557,1
DA:562,1
DA:563,1
DA:564,1
DA:565,1
DA:566,1
DA:567,1
DA:571,1
DA:573,1
DA:574,3
DA:576,4
DA:578,5
DA:579,1
DA:580,1
DA:582,1
DA:583,0
DA:584,0
DA:585,0
DA:586,0
DA:587,0
DA:589,1
DA:590,2
DA:591,1
DA:594,1
DA:595,1
DA:597,1
DA:598,1
DA:599,1
DA:601,1
DA:602,1
DA:603,1
DA:605,2
DA:606,1
DA:608,4
DA:609,1
DA:610,1
DA:611,2
DA:613,3
DA:616,1
DA:617,3
DA:618,0
DA:621,2
DA:624,1
DA:629,1
DA:630,1
DA:632,1
DA:633,1
DA:634,2
DA:635,1
DA:637,2
DA:638,1
DA:639,1
DA:640,2
DA:641,1
DA:642,1
DA:643,1
DA:645,2
DA:646,1
DA:649,2
DA:652,1
DA:653,0
DA:654,0
DA:656,0
DA:657,0
DA:659,0
DA:661,0
DA:662,0
DA:665,0
DA:670,1
DA:671,3
DA:672,1
DA:673,1
DA:674,1
DA:675,1
DA:679,1
DA:680,3
DA:681,1
DA:682,1
LF:317
LH:284
end_of_record
SF:lib/src/features/multiple_mode/screens/multiple_setting.dart
DA:11,3
DA:13,1
DA:15,1
DA:17,5
DA:18,3
DA:20,2
DA:21,2
DA:23,1
DA:24,1
DA:25,1
DA:27,1
DA:29,2
DA:30,1
DA:32,1
DA:33,1
DA:35,3
DA:36,1
DA:40,1
DA:42,1
DA:44,2
DA:48,1
DA:50,1
DA:51,1
DA:52,2
DA:53,2
DA:55,3
DA:56,2
DA:57,2
DA:59,3
DA:60,2
DA:63,4
DA:68,1
DA:70,1
DA:72,2
DA:76,1
DA:78,1
DA:79,1
DA:80,2
DA:81,2
DA:83,3
DA:84,2
DA:85,2
DA:87,4
DA:88,2
DA:91,4
DA:96,1
DA:98,1
DA:99,2
DA:100,2
DA:101,4
DA:102,3
DA:104,0
DA:107,0
DA:112,2
LF:54
LH:52
end_of_record
SF:lib/src/features/multiple_mode/widgets/win_dialog.dart
DA:9,0
DA:13,0
DA:18,0
DA:20,0
DA:22,0
DA:23,0
DA:25,0
DA:26,0
DA:27,0
DA:31,0
DA:32,0
DA:35,0
DA:36,0
DA:38,0
DA:41,0
DA:42,0
DA:43,0
DA:44,0
DA:48,0
DA:49,0
DA:51,0
DA:52,0
DA:53,0
LF:23
LH:0
end_of_record
SF:lib/src/features/playboard/widgets/playboard_view.dart
DA:14,12
DA:18,2
DA:27,2
DA:37,2
DA:40,8
DA:41,2
DA:42,2
DA:44,4
DA:50,2
DA:52,2
DA:56,2
DA:58,2
DA:59,1
DA:60,2
DA:61,1
DA:62,2
DA:63,1
DA:65,2
DA:69,1
DA:70,1
DA:73,1
DA:74,1
DA:75,1
DA:76,4
DA:78,1
DA:80,11
DA:82,1
DA:89,1
DA:90,1
DA:93,1
DA:94,1
DA:95,1
DA:100,1
DA:101,1
DA:104,1
DA:105,1
DA:106,1
DA:111,2
DA:115,2
DA:116,2
DA:117,2
DA:118,2
DA:119,2
DA:120,2
DA:121,6
DA:122,4
DA:124,2
DA:133,2
DA:139,2
DA:140,2
DA:141,2
DA:142,6
DA:143,2
DA:144,2
DA:146,1
DA:147,0
DA:150,0
DA:151,0
DA:152,0
DA:153,0
DA:155,1
DA:156,4
DA:159,0
DA:164,2
DA:165,6
DA:166,2
DA:167,0
DA:170,0
DA:172,2
DA:175,2
DA:183,2
DA:184,8
DA:187,0
DA:188,0
DA:189,0
DA:194,2
DA:195,2
DA:197,2
DA:198,2
DA:199,6
DA:200,6
DA:202,2
DA:204,4
DA:205,8
DA:206,8
DA:214,2
DA:222,10
DA:223,2
DA:225,4
DA:226,4
DA:227,2
DA:231,2
DA:232,1
DA:233,4
DA:235,1
DA:237,1
DA:238,1
DA:239,3
DA:243,1
DA:244,1
DA:245,4
DA:246,1
DA:247,3
DA:251,1
DA:252,1
DA:253,2
DA:255,1
DA:256,1
DA:257,2
DA:258,2
DA:262,1
DA:263,1
DA:264,2
DA:266,1
DA:267,1
DA:268,2
DA:269,2
DA:270,1
DA:271,3
DA:281,1
DA:282,3
DA:284,1
DA:285,4
DA:287,1
DA:289,1
DA:290,2
DA:291,0
DA:293,1
DA:294,1
DA:295,4
DA:296,0
DA:301,0
LF:132
LH:118
end_of_record
SF:lib/src/widgets/dialogs/slideparty_snack_bar.dart
DA:4,0
DA:9,0
DA:10,0
DA:14,0
DA:15,0
DA:16,0
DA:17,0
DA:21,0
DA:22,0
DA:24,0
LF:10
LH:0
end_of_record
SF:lib/src/widgets/dialogs/slideparty_dialog.dart
DA:6,1
DA:13,1
DA:21,1
DA:23,1
DA:25,1
DA:26,1
DA:29,2
DA:30,2
DA:32,1
DA:33,1
DA:34,1
DA:35,1
DA:36,1
DA:38,1
DA:41,1
DA:42,1
DA:43,1
DA:44,1
DA:45,4
DA:46,3
DA:49,3
DA:50,1
DA:52,1
LF:23
LH:23
end_of_record
SF:lib/src/features/playboard/models/skill_keyboard_state.dart
DA:25,0
DA:26,0
DA:30,0
DA:31,0
DA:35,0
DA:36,0
DA:38,0
DA:42,0
DA:44,0
DA:45,0
DA:50,0
DA:51,0
DA:56,0
DA:57,0
LF:14
LH:0
end_of_record
SF:lib/src/features/playboard/models/skill_keyboard_state.g.dart
DA:9,0
DA:10,0
DA:11,0
DA:12,0
DA:13,0
DA:14,0
DA:15,0
DA:19,0
DA:20,0
DA:23,0
DA:24,0
DA:25,0
DA:26,0
DA:27,0
DA:28,0
DA:29,0
DA:30,0
DA:39,0
DA:40,0
DA:41,0
DA:42,0
DA:43,0
DA:44,0
DA:48,0
DA:49,0
DA:52,0
DA:53,0
DA:54,0
DA:55,0
DA:56,0
DA:57,0
DA:58,0
LF:32
LH:0
end_of_record
SF:lib/src/features/playboard/models/playboard_state/online_playboard_state.dart
DA:7,0
DA:13,0
DA:20,0
DA:21,0
DA:22,0
DA:23,0
DA:24,0
DA:25,0
DA:28,0
DA:30,0
DA:36,0
DA:37,0
DA:38,0
DA:39,0
DA:40,0
DA:41,0
DA:42,0
DA:44,0
DA:45,0
DA:47,0
DA:48,0
DA:50,0
DA:53,0
DA:54,0
DA:55,0
DA:56,0
DA:58,0
DA:59,0
DA:60,0
DA:62,0
DA:63,0
DA:64,0
DA:65,0
DA:77,0
DA:78,0
DA:80,0
DA:81,0
DA:83,0
DA:84,0
DA:85,0
DA:86,0
DA:88,0
DA:89,0
DA:90,0
DA:91,0
DA:97,0
DA:98,0
DA:100,0
DA:101,0
DA:102,0
DA:103,0
DA:109,0
DA:114,0
DA:115,0
DA:116,0
DA:117,0
DA:118,0
DA:119,0
DA:122,0
DA:123,0
DA:127,0
DA:129,0
DA:130,0
DA:131,0
DA:132,0
DA:133,0
DA:134,0
DA:135,0
DA:136,0
DA:137,0
DA:140,0
DA:141,0
DA:145,0
LF:73
LH:0
end_of_record
SF:lib/src/features/online_mode/screens/online_mode_page.dart
DA:11,3
DA:13,0
DA:16,0
DA:18,0
DA:19,0
DA:21,0
DA:22,0
DA:23,0
DA:25,0
DA:27,0
DA:29,0
DA:30,0
DA:32,0
DA:34,0
DA:35,0
DA:39,0
DA:40,0
DA:42,0
DA:44,0
DA:46,0
DA:47,0
DA:48,0
DA:49,0
DA:50,0
DA:51,0
DA:53,0
DA:56,0
DA:60,0
DA:61,0
DA:64,0
DA:65,0
DA:67,0
DA:68,0
DA:71,0
DA:72,0
DA:74,0
DA:79,0
DA:80,0
DA:83,0
DA:86,0
DA:88,0
DA:92,0
DA:93,0
DA:96,0
DA:99,0
DA:100,0
LF:46
LH:1
end_of_record
SF:lib/src/features/online_mode/screens/online_endgame.dart
DA:10,0
DA:15,0
DA:21,0
DA:24,0
DA:25,0
DA:27,0
DA:28,0
DA:31,0
DA:32,0
DA:34,0
DA:36,0
DA:37,0
DA:39,0
DA:42,0
DA:45,0
DA:46,0
DA:47,0
DA:49,0
DA:55,0
DA:56,0
DA:58,0
DA:59,0
DA:60,0
DA:62,0
DA:64,0
DA:65,0
DA:66,0
DA:68,0
DA:69,0
DA:70,0
DA:72,0
DA:75,0
DA:76,0
DA:79,0
DA:80,0
DA:81,0
DA:83,0
DA:85,0
DA:86,0
DA:87,0
DA:88,0
DA:91,0
DA:92,0
DA:93,0
DA:97,0
DA:99,0
DA:101,0
DA:102,0
DA:103,0
DA:104,0
DA:105,0
DA:106,0
DA:107,0
DA:110,0
DA:111,0
DA:122,0
DA:123,0
DA:124,0
DA:125,0
LF:59
LH:0
end_of_record
SF:lib/src/features/online_mode/screens/online_playground.dart
DA:21,3
DA:23,0
DA:24,0
DA:26,0
DA:27,0
DA:28,0
DA:35,0
DA:38,0
DA:45,0
DA:46,0
DA:47,0
DA:53,0
DA:54,0
DA:59,0
DA:60,0
DA:61,0
DA:67,0
DA:68,0
DA:75,0
DA:82,0
DA:83,0
DA:85,0
DA:86,0
DA:87,0
DA:88,0
DA:89,0
DA:90,0
DA:94,0
DA:95,0
DA:96,0
DA:97,0
DA:103,0
DA:104,0
DA:105,0
DA:108,0
DA:109,0
DA:110,0
DA:123,0
DA:126,0
DA:127,0
DA:128,0
DA:129,0
DA:132,0
DA:134,0
DA:136,0
DA:137,0
DA:138,0
DA:141,0
DA:142,0
DA:143,0
DA:146,0
DA:147,0
DA:149,0
DA:161,0
DA:165,0
DA:170,0
DA:171,0
DA:173,0
DA:174,0
DA:176,0
DA:177,0
DA:179,0
DA:181,0
DA:182,0
DA:183,0
DA:184,0
DA:186,0
DA:187,0
DA:189,0
DA:193,0
DA:194,0
DA:196,0
DA:197,0
DA:201,0
DA:202,0
DA:204,0
DA:205,0
DA:207,0
DA:208,0
DA:209,0
DA:210,0
DA:211,0
DA:212,0
DA:213,0
DA:214,0
DA:215,0
DA:216,0
DA:218,0
DA:220,0
DA:221,0
DA:222,0
DA:223,0
DA:225,0
DA:226,0
DA:229,0
DA:230,0
DA:231,0
DA:233,0
DA:234,0
DA:235,0
DA:236,0
DA:238,0
DA:239,0
DA:241,0
DA:243,0
DA:244,0
DA:246,0
DA:253,0
DA:254,0
DA:257,0
DA:258,0
DA:261,0
DA:262,0
DA:263,0
DA:265,0
DA:266,0
DA:268,0
DA:269,0
DA:270,0
DA:271,0
DA:272,0
DA:273,0
DA:275,0
DA:278,0
DA:279,0
DA:284,0
DA:288,0
DA:290,0
DA:291,0
DA:292,0
DA:293,0
DA:294,0
DA:296,0
DA:308,0
DA:310,0
DA:311,0
DA:316,0
DA:317,0
DA:318,0
DA:328,0
DA:329,0
DA:330,0
DA:331,0
DA:332,0
DA:334,0
DA:335,0
DA:337,0
DA:338,0
DA:340,0
DA:341,0
DA:351,0
DA:355,0
DA:360,0
DA:362,0
DA:363,0
DA:364,0
DA:365,0
DA:367,0
DA:368,0
DA:369,0
DA:370,0
DA:371,0
DA:375,0
DA:376,0
DA:377,0
DA:378,0
DA:379,0
DA:382,0
DA:383,0
DA:384,0
DA:385,0
DA:386,0
DA:398,0
DA:403,0
DA:409,0
DA:411,0
DA:413,0
DA:414,0
DA:415,0
DA:416,0
DA:418,0
DA:419,0
DA:423,0
DA:424,0
DA:425,0
DA:427,0
DA:428,0
DA:432,0
DA:433,0
DA:434,0
DA:435,0
DA:437,0
DA:438,0
DA:439,0
DA:440,0
DA:441,0
DA:443,0
DA:444,0
DA:445,0
DA:446,0
DA:448,0
DA:449,0
DA:450,0
DA:454,0
DA:455,0
DA:456,0
DA:461,0
DA:462,0
DA:463,0
DA:464,0
DA:465,0
DA:466,0
DA:467,0
DA:470,0
DA:471,0
DA:472,0
DA:474,0
DA:475,0
DA:476,0
DA:481,0
DA:483,0
DA:486,0
DA:488,0
DA:489,0
DA:490,0
DA:491,0
DA:497,0
DA:498,0
DA:500,0
DA:504,0
DA:505,0
DA:506,0
DA:522,0
DA:526,0
DA:531,0
DA:533,0
DA:534,0
DA:535,0
DA:536,0
DA:537,0
DA:538,0
DA:539,0
DA:540,0
DA:541,0
DA:542,0
DA:543,0
DA:547,0
DA:550,0
DA:551,0
DA:564,0
DA:570,0
DA:577,0
DA:582,0
DA:583,0
DA:584,0
DA:585,0
DA:586,0
DA:587,0
DA:591,0
DA:593,0
DA:595,0
DA:596,0
DA:598,0
DA:599,0
DA:600,0
DA:602,0
DA:603,0
DA:604,0
DA:605,0
DA:606,0
DA:607,0
DA:609,0
DA:610,0
DA:611,0
DA:614,0
DA:615,0
DA:617,0
DA:618,0
DA:619,0
DA:621,0
DA:622,0
DA:623,0
DA:625,0
DA:626,0
DA:628,0
DA:629,0
DA:630,0
DA:631,0
DA:633,0
DA:636,0
DA:637,0
DA:638,0
DA:641,0
DA:644,0
DA:649,0
DA:650,0
DA:652,0
DA:653,0
DA:654,0
DA:656,0
DA:657,0
DA:659,0
DA:661,0
DA:662,0
DA:665,0
DA:670,0
DA:671,0
DA:672,0
DA:673,0
DA:674,0
DA:675,0
DA:679,0
DA:680,0
DA:681,0
DA:682,0
LF:315
LH:1
end_of_record
SF:lib/src/features/playboard/models/playboard_animation_types.dart
DA:1,3
LF:1
LH:1
end_of_record
SF:lib/src/features/playboard/models/playboard_state/playboard_state.dart
DA:7,2
LF:1
LH:1
end_of_record
SF:lib/src/features/playboard/models/playboard_state/single_playboard_state.dart
DA:5,2
DA:10,2
DA:16,1
DA:18,1
DA:20,1
DA:21,2
DA:22,1
DA:25,2
DA:26,2
DA:27,1
DA:28,1
DA:29,1
DA:32,1
DA:33,2
LF:14
LH:14
end_of_record
SF:lib/src/features/playboard/widgets/number_tile.dart
DA:6,2
DA:14,2
DA:23,8
DA:24,8
DA:26,2
DA:28,2
DA:29,0
DA:30,2
DA:31,2
DA:32,2
DA:33,2
DA:34,4
DA:35,2
DA:36,2
DA:38,4
DA:39,4
DA:40,2
LF:17
LH:16
end_of_record
SF:lib/src/features/single_mode/screens/single_mode_page.dart
DA:22,4
DA:24,1
DA:29,2
DA:31,1
DA:32,1
DA:34,4
DA:35,1
DA:36,1
DA:37,1
DA:38,1
DA:40,0
DA:42,1
DA:44,1
DA:45,1
DA:48,1
DA:50,1
DA:60,1
DA:65,1
DA:66,1
DA:67,2
DA:68,2
DA:70,1
DA:71,1
DA:72,1
DA:73,1
DA:75,1
DA:76,1
DA:77,1
DA:78,1
DA:80,1
DA:81,1
DA:86,2
DA:87,1
DA:88,1
DA:89,3
DA:91,1
DA:97,1
DA:98,1
DA:103,1
DA:104,1
DA:105,1
DA:106,1
DA:110,1
DA:113,0
DA:121,1
DA:124,1
DA:125,1
DA:126,2
DA:127,1
DA:128,1
DA:129,1
DA:130,1
DA:131,1
DA:132,1
DA:133,3
DA:134,2
DA:137,1
DA:139,1
DA:140,1
DA:148,1
DA:159,1
DA:161,1
DA:162,0
DA:163,0
DA:166,1
DA:167,1
DA:168,1
DA:169,1
DA:170,3
DA:172,1
DA:173,1
DA:174,1
DA:175,3
DA:176,1
DA:177,2
DA:181,1
DA:183,1
DA:185,1
DA:186,1
DA:187,1
DA:195,1
DA:197,2
DA:198,2
DA:199,1
DA:202,1
DA:203,1
DA:204,2
DA:207,1
DA:208,0
DA:213,2
DA:214,2
DA:215,1
DA:216,1
DA:217,1
DA:218,1
DA:219,1
DA:220,1
DA:221,1
DA:222,1
DA:223,1
LF:100
LH:95
end_of_record
SF:lib/src/features/single_mode/widgets/single_mode_setting.dart
DA:10,3
DA:12,1
DA:14,3
DA:15,4
DA:16,1
DA:17,2
DA:19,0
DA:21,3
DA:24,1
DA:25,3
DA:27,1
DA:28,1
DA:30,1
DA:31,1
DA:34,1
DA:36,1
DA:37,1
DA:38,1
DA:39,0
DA:41,1
DA:43,4
DA:44,3
DA:47,1
DA:48,1
DA:49,2
DA:54,1
DA:57,1
DA:59,1
DA:60,1
DA:61,1
DA:63,2
DA:64,1
DA:65,2
DA:66,3
DA:68,1
DA:69,1
DA:70,2
DA:71,1
DA:72,1
DA:73,1
DA:74,1
DA:75,1
DA:76,1
DA:77,1
DA:78,1
DA:86,1
DA:88,1
DA:91,1
DA:93,1
DA:94,1
DA:95,1
DA:96,4
DA:100,1
DA:101,1
DA:108,1
DA:109,1
DA:110,1
DA:111,1
DA:112,0
DA:113,1
DA:114,1
DA:115,1
DA:116,1
DA:117,3
DA:118,3
DA:123,1
DA:124,1
DA:126,1
DA:127,1
DA:128,1
DA:129,1
DA:130,1
DA:131,3
DA:132,3
DA:139,1
DA:140,1
DA:141,2
DA:142,1
DA:143,1
DA:144,1
DA:145,1
DA:146,3
DA:147,3
DA:151,1
DA:152,1
DA:154,1
DA:155,1
DA:156,1
DA:157,1
DA:158,1
DA:159,3
DA:160,3
DA:167,1
DA:168,1
DA:169,2
DA:170,1
DA:171,1
DA:172,1
DA:173,1
DA:174,3
DA:175,3
DA:179,1
DA:180,1
DA:182,1
DA:183,1
DA:184,1
DA:185,1
DA:186,1
DA:187,3
DA:188,3
LF:110
LH:107
end_of_record
SF:lib/src/features/single_mode/widgets/single_mode_control_bar.dart
DA:10,3
DA:12,1
DA:13,3
DA:14,1
DA:15,1
DA:16,1
DA:17,4
DA:19,1
DA:21,3
DA:24,2
DA:25,2
DA:27,3
DA:29,1
DA:30,1
DA:31,1
DA:32,2
DA:33,2
DA:36,1
DA:38,1
DA:40,1
DA:41,1
DA:42,2
DA:43,1
DA:45,3
DA:48,2
DA:49,1
DA:50,2
DA:53,1
DA:54,1
DA:55,2
DA:56,1
DA:58,3
LF:32
LH:32
end_of_record
SF:lib/src/features/single_mode/widgets/single_mode_header.dart
DA:11,3
DA:13,1
DA:14,3
DA:15,1
DA:16,1
DA:17,1
DA:18,4
DA:22,1
DA:24,4
DA:25,1
DA:26,2
DA:28,0
DA:30,2
DA:32,1
DA:33,1
DA:34,1
DA:35,2
DA:39,1
DA:41,1
DA:42,1
DA:43,4
DA:44,1
DA:45,1
DA:52,1
DA:54,1
DA:55,1
DA:56,1
DA:58,1
DA:59,1
DA:61,4
DA:62,1
DA:63,1
DA:65,0
DA:68,1
DA:70,1
DA:71,1
DA:73,1
DA:74,1
DA:75,1
DA:76,1
DA:78,3
DA:90,1
DA:91,1
DA:92,1
DA:93,1
DA:94,2
DA:95,1
DA:96,1
DA:97,1
DA:98,3
DA:105,1
DA:106,1
DA:108,2
DA:110,4
DA:111,1
DA:112,1
DA:114,0
DA:117,1
DA:118,1
DA:120,1
DA:121,1
DA:123,3
DA:124,1
DA:125,3
LF:64
LH:61
end_of_record
SF:lib/src/utils/breakpoint.dart
DA:10,6
DA:16,1
DA:31,3
DA:32,3
DA:33,3
LF:5
LH:5
end_of_record
SF:lib/src/utils/durations.dart
DA:2,1
DA:3,1
DA:4,2
DA:5,1
DA:8,3
DA:9,3
DA:11,3
DA:12,1
LF:8
LH:8
end_of_record
SF:lib/src/utils/app_infos/html_locator.dart
DA:1,0
LF:1
LH:0
end_of_record
SF:lib/src/utils/slideparty_colors.dart
DA:20,3
LF:1
LH:1
end_of_record
SF:lib/src/widgets/buttons/slideparty_button.dart
DA:9,3
DA:10,3
DA:13,3
DA:23,3
DA:34,3
DA:35,3
DA:36,6
DA:37,3
DA:38,8
DA:42,3
DA:44,3
DA:45,6
DA:47,3
DA:49,0
DA:50,0
DA:51,3
DA:52,6
DA:53,6
DA:54,0
DA:55,3
DA:56,3
DA:57,6
DA:59,3
DA:62,3
DA:64,6
DA:65,3
DA:66,6
DA:67,3
DA:68,6
DA:69,9
DA:70,8
DA:72,3
DA:73,3
DA:75,3
DA:78,6
DA:79,8
DA:82,3
DA:83,3
DA:87,6
DA:88,6
DA:89,6
DA:91,3
DA:92,3
DA:93,6
DA:95,3
DA:96,12
DA:97,9
DA:98,6
DA:104,3
DA:105,11
DA:106,3
DA:107,2
DA:108,6
DA:109,6
DA:111,6
DA:120,3
DA:136,3
DA:138,3
DA:139,6
DA:140,3
DA:141,3
DA:142,6
DA:143,12
DA:144,9
DA:145,15
DA:146,15
DA:147,9
DA:148,12
DA:149,6
DA:150,3
DA:151,3
DA:153,3
DA:154,1
DA:155,1
DA:156,2
DA:159,3
DA:161,3
DA:163,3
DA:164,6
DA:165,1
DA:166,1
DA:167,2
DA:170,6
DA:171,3
DA:172,3
DA:175,3
LF:86
LH:83
end_of_record
SF:lib/src/widgets/swipe_detector.dart
DA:52,2
DA:65,2
DA:67,2
DA:75,2
DA:76,2
DA:78,1
DA:81,1
DA:84,1
DA:87,3
DA:88,2
DA:89,1
DA:90,3
DA:91,2
DA:92,1
DA:93,1
DA:95,2
DA:96,2
DA:97,3
DA:99,1
DA:101,2
DA:104,1
DA:106,2
DA:110,1
DA:113,1
DA:116,1
DA:119,3
DA:120,2
DA:121,1
DA:122,3
DA:123,2
DA:124,1
DA:125,1
DA:127,2
DA:128,2
DA:129,3
DA:131,1
DA:133,2
DA:136,1
DA:138,2
LF:39
LH:39
end_of_record
